<?xml version="1.0" encoding="UTF-8"?>
<testsuite xmlns:xsi="http://www.w3.org/2001/XMLSchema-instance" xsi:noNamespaceSchemaLocation="https://maven.apache.org/surefire/maven-surefire-plugin/xsd/surefire-test-report.xsd" name="com.miage.altea.service.PokemonTypeServiceImplTest" time="0.235" tests="6" errors="0" skipped="0" failures="0">
  <properties>
[...]
</properties>
  <testcase name="pokemonTypeRepository_shouldBeCalled_whenFindAll" classname="com.miage.altea.service.PokemonTypeServiceImplTest" time="0"/>
  <testcase name="pokemonNames_shouldBeTranslated_usingLocaleResolver" classname="com.miage.altea.service.PokemonTypeServiceImplTest" time="0.011"/>
  <testcase name="pokemonTypeRepository_shouldBeCalled_whenFindById" classname="com.miage.altea.service.PokemonTypeServiceImplTest" time="0"/>
  <testcase name="pokemonTypeRepository_shouldBeAutowired_withSpring" classname="com.miage.altea.service.PokemonTypeServiceImplTest" time="0.11"/>
  <testcase name="allPokemonNames_shouldBeTranslated_usingLocaleResolver" classname="com.miage.altea.service.PokemonTypeServiceImplTest" time="0.001"/>
  <testcase name="applicationContext_shouldLoadPokemonTypeService" classname="com.miage.altea.service.PokemonTypeServiceImplTest" time="0.111"/>
</testsuite>